[Warning][2020-04-12 12:45:31] Warning
[Warning][2020-04-12 12:45:32] Warning
[Warning][2020-04-12 12:45:32] Warning
[Warning][2020-04-12 12:45:33] Warning
[Warning][2020-04-12 12:45:33] Warning
[Warning][2020-04-12 12:45:34] Warning
[Warning][2020-04-12 12:45:35] Warning
[Warning][2020-04-12 12:45:35] Warning
[Warning][2020-04-12 12:45:36] Warning
[Warning][2020-04-12 12:45:36] Warning
[Warning][2020-04-12 12:45:37] Warning
[Warning][2020-04-12 12:45:37] Warning
[Warning][2020-04-12 12:45:38] Warning
[Warning][2020-04-12 12:45:39] Warning
[Warning][2020-04-12 12:45:39] Warning
[Warning][2020-04-12 12:45:39] Warning
[Warning][2020-04-12 12:45:40] Warning
[Warning][2020-04-12 12:45:41] Warning
[Warning][2020-04-12 12:45:41] Warning
[Warning][2020-04-12 12:45:42] Warning
[Warning][2020-04-12 12:45:42] Warning
[Warning][2020-04-12 12:45:42] Warning
[Warning][2020-04-12 12:45:43] Warning
[Warning][2020-04-12 12:45:43] Warning
[Warning][2020-04-12 12:45:44] Warning
[Warning][2020-04-12 12:45:45] Warning
[Warning][2020-04-12 12:45:45] Warning
[Warning][2020-04-12 12:45:45] Warning
[Warning][2020-04-12 12:45:46] Warning
[Warning][2020-04-12 12:45:47] Warning
[Warning][2020-04-12 12:45:47] Warning
[Warning][2020-04-12 12:45:47] Warning
[Warning][2020-04-12 12:45:47] Warning
[Warning][2020-04-12 12:45:48] Warning
[Warning][2020-04-12 12:45:49] Warning
[Warning][2020-04-12 12:45:49] Warning
[Warning][2020-04-12 12:45:50] Warning
[Warning][2020-04-12 12:45:50] Warning
[Warning][2020-04-12 12:45:50] Warning
[Warning][2020-04-12 12:45:51] Warning
[Warning][2020-04-12 12:45:52] Warning
[Warning][2020-04-12 12:45:52] Warning
[Warning][2020-04-12 12:45:53] Warning
[Warning][2020-04-12 12:45:53] Warning
[Warning][2020-04-12 12:45:54] Warning
[Warning][2020-04-12 12:45:54] Warning
[Warning][2020-04-12 12:45:55] Warning
[Warning][2020-04-12 12:45:55] Warning
[Info][2020-04-12 12:45:55] Info
[Info][2020-04-12 12:45:55] Info
[Warning][2020-04-12 12:46:37] 你已经签到过 androidx86吧 了！
[Warning][2020-04-12 12:46:38] 你已经签到过 安卓x86吧 了！
[Warning][2020-04-12 12:46:38] 你已经签到过 windows吧 了！
[Warning][2020-04-12 12:46:39] 你已经签到过 android吧 了！
[Warning][2020-04-12 12:46:39] 你已经签到过 虚拟机吧 了！
[Warning][2020-04-12 12:46:40] 你已经签到过 windows10吧 了！
[Warning][2020-04-12 12:46:41] 你已经签到过 virtualbox吧 了！
[Warning][2020-04-12 12:46:41] 你已经签到过 jimdo吧 了！
[Warning][2020-04-12 12:46:41] 你已经签到过 minecraft吧 了！
[Warning][2020-04-12 12:46:42] 你已经签到过 我的世界pe吧 了！
[Warning][2020-04-12 12:46:43] 你已经签到过 minecraft图文吧 了！
[Warning][2020-04-12 12:46:43] 你已经签到过 我的世界手机版吧 了！
[Warning][2020-04-12 12:46:44] 你已经签到过 minecraftpe红石吧 了！
[Warning][2020-04-12 12:46:44] 你已经签到过 minecraftpe吧 了！
[Warning][2020-04-12 12:46:45] 你已经签到过 我的世界吧 了！
[Warning][2020-04-12 12:46:45] 你已经签到过 hexo吧 了！
[Warning][2020-04-12 12:46:46] 你已经签到过 易语言吧 了！
[Warning][2020-04-12 12:46:47] 你已经签到过 凤凰os吧 了！
[Warning][2020-04-12 12:46:47] 你已经签到过 mcpe吧 了！
[Warning][2020-04-12 12:46:47] 你已经签到过 命令方块吧 了！
[Warning][2020-04-12 12:46:48] 你已经签到过 java吧 了！
[Warning][2020-04-12 12:46:48] 你已经签到过 洋葱数学吧 了！
[Warning][2020-04-12 12:46:49] 你已经签到过 unity3d吧 了！
[Warning][2020-04-12 12:46:49] 你已经签到过 跳舞的线吧 了！
[Warning][2020-04-12 12:46:50] 你已经签到过 gamemaker吧 了！
[Warning][2020-04-12 12:46:51] 你已经签到过 钢琴块2吧 了！
[Warning][2020-04-12 12:46:51] 你已经签到过 undertale吧 了！
[Warning][2020-04-12 12:46:52] 你已经签到过 c#吧 了！
[Warning][2020-04-12 12:46:52] 你已经签到过 love2d吧 了！
[Warning][2020-04-12 12:46:53] 你已经签到过 云签到吧 了！
[Warning][2020-04-12 12:46:53] 你已经签到过 mc吧 了！
[Warning][2020-04-12 12:46:53] 你已经签到过 haxe吧 了！
[Warning][2020-04-12 12:46:53] 你已经签到过 c吧 了！
[Warning][2020-04-12 12:46:54] 你已经签到过 bilibili吧 了！
[Warning][2020-04-12 12:46:55] 你已经签到过 小米吧 了！
[Warning][2020-04-12 12:46:55] 你已经签到过 手机吧 了！
[Warning][2020-04-12 12:46:56] 你已经签到过 php吧 了！
[Warning][2020-04-12 12:46:56] 你已经签到过 vb吧 了！
[Warning][2020-04-12 12:46:56] 你已经签到过 rainmeter吧 了！
[Warning][2020-04-12 12:46:57] 你已经签到过 c语言吧 了！
[Warning][2020-04-12 12:46:58] 你已经签到过 minecraft同人游戏吧 了！
[Warning][2020-04-12 12:46:58] 你已经签到过 方块启动器吧 了！
[Warning][2020-04-12 12:46:59] 你已经签到过 blocklauncher插件吧 了！
[Warning][2020-04-12 12:46:59] 你已经签到过 autohotkey吧 了！
[Warning][2020-04-12 12:47:00] 你已经签到过 后宫动漫吧 了！
[Warning][2020-04-12 12:47:00] 你已经签到过 premiere吧 了！
[Warning][2020-04-12 12:47:01] 你已经签到过 洋垃圾吧 了！
[Warning][2020-04-12 12:47:02] 你已经签到过 tc简单开发吧 了！
[Info][2020-04-12 12:47:02] Info
[Info][2020-04-12 12:47:02] Info
[Warning][2020-04-12 12:47:50] 你已经签到过 androidx86吧 了！
[Warning][2020-04-12 12:47:50] 你已经签到过 安卓x86吧 了！
[Warning][2020-04-12 12:47:51] 你已经签到过 windows吧 了！
[Warning][2020-04-12 12:47:52] 你已经签到过 android吧 了！
[Warning][2020-04-12 12:47:52] 你已经签到过 虚拟机吧 了！
[Warning][2020-04-12 12:47:53] 你已经签到过 windows10吧 了！
[Warning][2020-04-12 12:47:53] 你已经签到过 virtualbox吧 了！
[Warning][2020-04-12 12:47:54] 你已经签到过 jimdo吧 了！
[Warning][2020-04-12 12:47:54] 你已经签到过 minecraft吧 了！
[Warning][2020-04-12 12:47:55] 你已经签到过 我的世界pe吧 了！
[Warning][2020-04-12 12:47:55] 你已经签到过 minecraft图文吧 了！
[Warning][2020-04-12 12:47:56] 你已经签到过 我的世界手机版吧 了！
[Warning][2020-04-12 12:47:56] 你已经签到过 minecraftpe红石吧 了！
[Warning][2020-04-12 12:47:57] 你已经签到过 minecraftpe吧 了！
[Warning][2020-04-12 12:47:58] 你已经签到过 我的世界吧 了！
[Warning][2020-04-12 12:47:58] 你已经签到过 hexo吧 了！
[Warning][2020-04-12 12:47:58] 你已经签到过 易语言吧 了！
[Warning][2020-04-12 12:47:59] 你已经签到过 凤凰os吧 了！
[Warning][2020-04-12 12:47:59] 你已经签到过 mcpe吧 了！
[Warning][2020-04-12 12:48:00] 你已经签到过 命令方块吧 了！
[Warning][2020-04-12 12:48:00] 你已经签到过 java吧 了！
[Warning][2020-04-12 12:48:01] 你已经签到过 洋葱数学吧 了！
[Warning][2020-04-12 12:48:01] 你已经签到过 unity3d吧 了！
[Warning][2020-04-12 12:48:02] 你已经签到过 跳舞的线吧 了！
[Warning][2020-04-12 12:48:02] 你已经签到过 gamemaker吧 了！
[Warning][2020-04-12 12:48:03] 你已经签到过 钢琴块2吧 了！
[Warning][2020-04-12 12:48:04] 你已经签到过 undertale吧 了！
[Warning][2020-04-12 12:48:04] 你已经签到过 c#吧 了！
[Warning][2020-04-12 12:48:04] 你已经签到过 love2d吧 了！
[Warning][2020-04-12 12:48:05] 你已经签到过 云签到吧 了！
[Warning][2020-04-12 12:48:05] 你已经签到过 mc吧 了！
[Warning][2020-04-12 12:48:06] 你已经签到过 haxe吧 了！
[Warning][2020-04-12 12:48:06] 你已经签到过 c吧 了！
[Warning][2020-04-12 12:48:06] 你已经签到过 bilibili吧 了！
[Warning][2020-04-12 12:48:07] 你已经签到过 小米吧 了！
[Warning][2020-04-12 12:48:08] 你已经签到过 手机吧 了！
[Warning][2020-04-12 12:48:08] 你已经签到过 php吧 了！
[Warning][2020-04-12 12:48:08] 你已经签到过 vb吧 了！
[Warning][2020-04-12 12:48:09] 你已经签到过 rainmeter吧 了！
[Warning][2020-04-12 12:48:09] 你已经签到过 c语言吧 了！
[Warning][2020-04-12 12:48:10] 你已经签到过 minecraft同人游戏吧 了！
[Warning][2020-04-12 12:48:11] 你已经签到过 方块启动器吧 了！
[Warning][2020-04-12 12:48:11] 你已经签到过 blocklauncher插件吧 了！
[Warning][2020-04-12 12:48:12] 你已经签到过 autohotkey吧 了！
[Warning][2020-04-12 12:48:12] 你已经签到过 后宫动漫吧 了！
[Warning][2020-04-12 12:48:13] 你已经签到过 premiere吧 了！
[Warning][2020-04-12 12:48:14] 你已经签到过 洋垃圾吧 了！
[Warning][2020-04-12 12:48:14] 你已经签到过 tc简单开发吧 了！
[Info][2020-04-12 12:48:14] 已成功签到：0/48 个贴吧。
[Info][2020-04-12 12:48:14] 耗时 24.893 秒。
[Warning][2020-04-12 12:56:05] 你已经签到过 androidx86吧 了！
[Warning][2020-04-12 12:56:06] 你已经签到过 安卓x86吧 了！
[Warning][2020-04-12 12:56:07] 你已经签到过 windows吧 了！
[Warning][2020-04-12 12:56:07] 你已经签到过 android吧 了！
[Warning][2020-04-12 12:56:08] 你已经签到过 虚拟机吧 了！
[Warning][2020-04-12 12:56:08] 你已经签到过 windows10吧 了！
[Warning][2020-04-12 12:56:09] 你已经签到过 virtualbox吧 了！
[Warning][2020-04-12 12:56:09] 你已经签到过 jimdo吧 了！
[Warning][2020-04-12 12:56:10] 你已经签到过 minecraft吧 了！
[Warning][2020-04-12 12:56:10] 你已经签到过 我的世界pe吧 了！
[Warning][2020-04-12 12:56:11] 你已经签到过 minecraft图文吧 了！
[Warning][2020-04-12 12:56:12] 你已经签到过 我的世界手机版吧 了！
[Warning][2020-04-12 12:56:12] 你已经签到过 minecraftpe红石吧 了！
[Warning][2020-04-12 12:56:13] 你已经签到过 minecraftpe吧 了！
[Warning][2020-04-12 12:56:13] 你已经签到过 我的世界吧 了！
[Warning][2020-04-12 12:56:13] 你已经签到过 hexo吧 了！
[Warning][2020-04-12 12:56:14] 你已经签到过 易语言吧 了！
[Warning][2020-04-12 12:56:15] 你已经签到过 凤凰os吧 了！
[Warning][2020-04-12 12:56:15] 你已经签到过 mcpe吧 了！
[Warning][2020-04-12 12:56:15] 你已经签到过 命令方块吧 了！
[Warning][2020-04-12 12:56:16] 你已经签到过 java吧 了！
[Warning][2020-04-12 12:56:16] 你已经签到过 洋葱数学吧 了！
[Warning][2020-04-12 12:56:17] 你已经签到过 unity3d吧 了！
[Warning][2020-04-12 12:56:17] 你已经签到过 跳舞的线吧 了！
[Warning][2020-04-12 12:56:18] 你已经签到过 gamemaker吧 了！
[Warning][2020-04-12 12:56:19] 你已经签到过 钢琴块2吧 了！
[Warning][2020-04-12 12:56:19] 你已经签到过 undertale吧 了！
[Warning][2020-04-12 12:56:20] 你已经签到过 c#吧 了！
[Warning][2020-04-12 12:56:20] 你已经签到过 love2d吧 了！
[Warning][2020-04-12 12:56:21] 你已经签到过 云签到吧 了！
[Warning][2020-04-12 12:56:21] 你已经签到过 mc吧 了！
[Warning][2020-04-12 12:56:21] 你已经签到过 haxe吧 了！
[Warning][2020-04-12 12:56:21] 你已经签到过 c吧 了！
[Warning][2020-04-12 12:56:22] 你已经签到过 bilibili吧 了！
[Warning][2020-04-12 12:56:23] 你已经签到过 小米吧 了！
[Warning][2020-04-12 12:56:23] 你已经签到过 手机吧 了！
[Warning][2020-04-12 12:56:23] 你已经签到过 php吧 了！
[Warning][2020-04-12 12:56:24] 你已经签到过 vb吧 了！
[Warning][2020-04-12 12:56:24] 你已经签到过 rainmeter吧 了！
[Warning][2020-04-12 12:56:25] 你已经签到过 c语言吧 了！
[Warning][2020-04-12 12:56:26] 你已经签到过 minecraft同人游戏吧 了！
[Warning][2020-04-12 12:56:26] 你已经签到过 方块启动器吧 了！
[Warning][2020-04-12 12:56:27] 你已经签到过 blocklauncher插件吧 了！
[Warning][2020-04-12 12:56:28] 你已经签到过 autohotkey吧 了！
[Warning][2020-04-12 12:56:28] 你已经签到过 后宫动漫吧 了！
[Warning][2020-04-12 12:56:29] 你已经签到过 premiere吧 了！
[Warning][2020-04-12 12:56:30] 你已经签到过 洋垃圾吧 了！
[Warning][2020-04-12 12:56:30] 你已经签到过 tc简单开发吧 了！
[Info][2020-04-12 12:56:30] 已成功签到：0/48 个贴吧。
[Info][2020-04-12 12:56:30] 耗时 25.594 秒。
[Warning][2020-04-12 01:01:52] 你已经签到过 androidx86吧 了！
[Warning][2020-04-12 01:01:53] 你已经签到过 安卓x86吧 了！
[Warning][2020-04-12 01:01:54] 你已经签到过 windows吧 了！
[Warning][2020-04-12 01:01:54] 你已经签到过 android吧 了！
[Warning][2020-04-12 01:01:55] 你已经签到过 虚拟机吧 了！
[Warning][2020-04-12 01:01:55] 你已经签到过 windows10吧 了！
[Warning][2020-04-12 01:01:56] 你已经签到过 virtualbox吧 了！
[Warning][2020-04-12 01:01:56] 你已经签到过 jimdo吧 了！
[Warning][2020-04-12 01:01:57] 你已经签到过 minecraft吧 了！
[Warning][2020-04-12 01:01:58] 你已经签到过 我的世界pe吧 了！
[Warning][2020-04-12 01:01:58] 你已经签到过 minecraft图文吧 了！
[Warning][2020-04-12 01:01:59] 你已经签到过 我的世界手机版吧 了！
[Warning][2020-04-12 01:01:59] 你已经签到过 minecraftpe红石吧 了！
[Warning][2020-04-12 01:02:00] 你已经签到过 minecraftpe吧 了！
[Warning][2020-04-12 01:02:01] 你已经签到过 我的世界吧 了！
[Warning][2020-04-12 01:02:01] 你已经签到过 hexo吧 了！
[Warning][2020-04-12 01:02:01] 你已经签到过 易语言吧 了！
[Warning][2020-04-12 01:02:02] 你已经签到过 凤凰os吧 了！
[Warning][2020-04-12 01:02:02] 你已经签到过 mcpe吧 了！
[Warning][2020-04-12 01:02:03] 你已经签到过 命令方块吧 了！
[Warning][2020-04-12 01:02:03] 你已经签到过 java吧 了！
[Warning][2020-04-12 01:02:04] 你已经签到过 洋葱数学吧 了！
[Warning][2020-04-12 01:02:04] 你已经签到过 unity3d吧 了！
[Warning][2020-04-12 01:02:05] 你已经签到过 跳舞的线吧 了！
[Warning][2020-04-12 01:02:05] 你已经签到过 gamemaker吧 了！
[Warning][2020-04-12 01:02:06] 你已经签到过 钢琴块2吧 了！
[Warning][2020-04-12 01:02:06] 你已经签到过 undertale吧 了！
[Warning][2020-04-12 01:02:07] 你已经签到过 c#吧 了！
[Warning][2020-04-12 01:02:07] 你已经签到过 love2d吧 了！
[Warning][2020-04-12 01:02:08] 你已经签到过 云签到吧 了！
[Warning][2020-04-12 01:02:08] 你已经签到过 mc吧 了！
[Warning][2020-04-12 01:02:08] 你已经签到过 haxe吧 了！
[Warning][2020-04-12 01:02:08] 你已经签到过 c吧 了！
[Warning][2020-04-12 01:02:09] 你已经签到过 bilibili吧 了！
[Warning][2020-04-12 01:02:10] 你已经签到过 小米吧 了！
[Warning][2020-04-12 01:02:10] 你已经签到过 手机吧 了！
[Warning][2020-04-12 01:02:10] 你已经签到过 php吧 了！
[Warning][2020-04-12 01:02:11] 你已经签到过 vb吧 了！
[Warning][2020-04-12 01:02:11] 你已经签到过 rainmeter吧 了！
[Warning][2020-04-12 01:02:12] 你已经签到过 c语言吧 了！
[Warning][2020-04-12 01:02:13] 你已经签到过 minecraft同人游戏吧 了！
[Warning][2020-04-12 01:02:13] 你已经签到过 方块启动器吧 了！
[Warning][2020-04-12 01:02:14] 你已经签到过 blocklauncher插件吧 了！
[Warning][2020-04-12 01:02:14] 你已经签到过 autohotkey吧 了！
[Warning][2020-04-12 01:02:15] 你已经签到过 后宫动漫吧 了！
[Warning][2020-04-12 01:02:16] 你已经签到过 premiere吧 了！
[Warning][2020-04-12 01:02:16] 你已经签到过 洋垃圾吧 了！
[Warning][2020-04-12 01:02:17] 你已经签到过 tc简单开发吧 了！
[Info][2020-04-12 01:02:17] 已成功签到：0/48 个贴吧。
[Info][2020-04-12 01:02:17] 耗时 25.107 秒。
